[23Jul2025 00:00:50.604] [Server thread/ERROR] [net.minecraft.world.level.saveddata.SavedData/]: Could not save data net.minecraftforge.common.util.LevelCapabilityData@3ef87908
java.io.FileNotFoundException: ./world/data/capabilities.dat (No such file or directory)
	at java.io.FileOutputStream.open0(Native Method) ~[?:?]
	at java.io.FileOutputStream.open(FileOutputStream.java:293) ~[?:?]
	at java.io.FileOutputStream.<init>(FileOutputStream.java:235) ~[?:?]
	at java.io.FileOutputStream.<init>(FileOutputStream.java:184) ~[?:?]
	at net.minecraft.nbt.NbtIo.m_128944_(NbtIo.java:54) ~[server-1.20.1-20230612.114412-srg.jar%23399!/:?]
	at net.minecraft.world.level.saveddata.SavedData.m_77757_(SavedData.java:40) ~[server-1.20.1-20230612.114412-srg.jar%23399!/:?]
	at net.minecraft.world.level.storage.DimensionDataStorage.m_164865_(DimensionDataStorage.java:128) ~[server-1.20.1-20230612.114412-srg.jar%23399!/:?]
	at java.util.HashMap.forEach(HashMap.java:1421) ~[?:?]
	at net.minecraft.world.level.storage.DimensionDataStorage.m_78151_(DimensionDataStorage.java:126) ~[server-1.20.1-20230612.114412-srg.jar%23399!/:?]
	at net.minecraft.server.level.ServerLevel.m_8806_(ServerLevel.java:758) ~[server-1.20.1-20230612.114412-srg.jar%23399!/:?]
	at net.minecraft.server.level.ServerLevel.m_8643_(ServerLevel.java:737) ~[server-1.20.1-20230612.114412-srg.jar%23399!/:?]
	at net.minecraft.server.MinecraftServer.m_129885_(MinecraftServer.java:507) ~[server-1.20.1-20230612.114412-srg.jar%23399!/:?]
	at net.minecraft.server.MinecraftServer.m_195514_(MinecraftServer.java:532) ~[server-1.20.1-20230612.114412-srg.jar%23399!/:?]
	at net.minecraft.server.MinecraftServer.m_5705_(MinecraftServer.java:824) ~[server-1.20.1-20230612.114412-srg.jar%23399!/:?]
	at net.minecraft.server.MinecraftServer.m_130011_(MinecraftServer.java:661) ~[server-1.20.1-20230612.114412-srg.jar%23399!/:?]
	at net.minecraft.server.MinecraftServer.m_206580_(MinecraftServer.java:251) ~[server-1.20.1-20230612.114412-srg.jar%23399!/:?]
	at java.lang.Thread.run(Thread.java:840) ~[?:?]
[23Jul2025 00:00:50.607] [Server thread/ERROR] [net.minecraft.world.level.saveddata.SavedData/]: Could not save data net.mcreator.mekanismexplosives.network.MekanismexplosivesModVariables$MapVariables@b83383b
java.io.FileNotFoundException: ./world/data/mekanismexplosives_mapvars.dat (No such file or directory)
	at java.io.FileOutputStream.open0(Native Method) ~[?:?]
	at java.io.FileOutputStream.open(FileOutputStream.java:293) ~[?:?]
	at java.io.FileOutputStream.<init>(FileOutputStream.java:235) ~[?:?]
	at java.io.FileOutputStream.<init>(FileOutputStream.java:184) ~[?:?]
	at net.minecraft.nbt.NbtIo.m_128944_(NbtIo.java:54) ~[server-1.20.1-20230612.114412-srg.jar%23399!/:?]
	at net.minecraft.world.level.saveddata.SavedData.m_77757_(SavedData.java:40) ~[server-1.20.1-20230612.114412-srg.jar%23399!/:?]
	at net.minecraft.world.level.storage.DimensionDataStorage.m_164865_(DimensionDataStorage.java:128) ~[server-1.20.1-20230612.114412-srg.jar%23399!/:?]
	at java.util.HashMap.forEach(HashMap.java:1421) ~[?:?]
	at net.minecraft.world.level.storage.DimensionDataStorage.m_78151_(DimensionDataStorage.java:126) ~[server-1.20.1-20230612.114412-srg.jar%23399!/:?]
	at net.minecraft.server.level.ServerLevel.m_8806_(ServerLevel.java:758) ~[server-1.20.1-20230612.114412-srg.jar%23399!/:?]
	at net.minecraft.server.level.ServerLevel.m_8643_(ServerLevel.java:737) ~[server-1.20.1-20230612.114412-srg.jar%23399!/:?]
	at net.minecraft.server.MinecraftServer.m_129885_(MinecraftServer.java:507) ~[server-1.20.1-20230612.114412-srg.jar%23399!/:?]
	at net.minecraft.server.MinecraftServer.m_195514_(MinecraftServer.java:532) ~[server-1.20.1-20230612.114412-srg.jar%23399!/:?]
	at net.minecraft.server.MinecraftServer.m_5705_(MinecraftServer.java:824) ~[server-1.20.1-20230612.114412-srg.jar%23399!/:?]
	at net.minecraft.server.MinecraftServer.m_130011_(MinecraftServer.java:661) ~[server-1.20.1-20230612.114412-srg.jar%23399!/:?]
	at net.minecraft.server.MinecraftServer.m_206580_(MinecraftServer.java:251) ~[server-1.20.1-20230612.114412-srg.jar%23399!/:?]
	at java.lang.Thread.run(Thread.java:840) ~[?:?]
[23Jul2025 00:00:50.617] [Server thread/ERROR] [net.minecraft.world.level.saveddata.SavedData/]: Could not save data net.minecraftforge.common.util.LevelCapabilityData@2c646b3
java.io.FileNotFoundException: ./world/dimensions/lostcities/lostcity/data/capabilities.dat (No such file or directory)
	at java.io.FileOutputStream.open0(Native Method) ~[?:?]
	at java.io.FileOutputStream.open(FileOutputStream.java:293) ~[?:?]
	at java.io.FileOutputStream.<init>(FileOutputStream.java:235) ~[?:?]
	at java.io.FileOutputStream.<init>(FileOutputStream.java:184) ~[?:?]
	at net.minecraft.nbt.NbtIo.m_128944_(NbtIo.java:54) ~[server-1.20.1-20230612.114412-srg.jar%23399!/:?]
	at net.minecraft.world.level.saveddata.SavedData.m_77757_(SavedData.java:40) ~[server-1.20.1-20230612.114412-srg.jar%23399!/:?]
	at net.minecraft.world.level.storage.DimensionDataStorage.m_164865_(DimensionDataStorage.java:128) ~[server-1.20.1-20230612.114412-srg.jar%23399!/:?]
	at java.util.HashMap.forEach(HashMap.java:1421) ~[?:?]
	at net.minecraft.world.level.storage.DimensionDataStorage.m_78151_(DimensionDataStorage.java:126) ~[server-1.20.1-20230612.114412-srg.jar%23399!/:?]
	at net.minecraft.server.level.ServerLevel.m_8806_(ServerLevel.java:758) ~[server-1.20.1-20230612.114412-srg.jar%23399!/:?]
	at net.minecraft.server.level.ServerLevel.m_8643_(ServerLevel.java:737) ~[server-1.20.1-20230612.114412-srg.jar%23399!/:?]
	at net.minecraft.server.MinecraftServer.m_129885_(MinecraftServer.java:507) ~[server-1.20.1-20230612.114412-srg.jar%23399!/:?]
	at net.minecraft.server.MinecraftServer.m_195514_(MinecraftServer.java:532) ~[server-1.20.1-20230612.114412-srg.jar%23399!/:?]
	at net.minecraft.server.MinecraftServer.m_5705_(MinecraftServer.java:824) ~[server-1.20.1-20230612.114412-srg.jar%23399!/:?]
	at net.minecraft.server.MinecraftServer.m_130011_(MinecraftServer.java:661) ~[server-1.20.1-20230612.114412-srg.jar%23399!/:?]
	at net.minecraft.server.MinecraftServer.m_206580_(MinecraftServer.java:251) ~[server-1.20.1-20230612.114412-srg.jar%23399!/:?]
	at java.lang.Thread.run(Thread.java:840) ~[?:?]
[23Jul2025 00:00:50.618] [Server thread/ERROR] [net.minecraft.world.level.saveddata.SavedData/]: Could not save data net.minecraftforge.common.util.LevelCapabilityData@7f0b4fda
java.io.FileNotFoundException: ./world/DIM-1/data/capabilities.dat (No such file or directory)
	at java.io.FileOutputStream.open0(Native Method) ~[?:?]
	at java.io.FileOutputStream.open(FileOutputStream.java:293) ~[?:?]
	at java.io.FileOutputStream.<init>(FileOutputStream.java:235) ~[?:?]
	at java.io.FileOutputStream.<init>(FileOutputStream.java:184) ~[?:?]
	at net.minecraft.nbt.NbtIo.m_128944_(NbtIo.java:54) ~[server-1.20.1-20230612.114412-srg.jar%23399!/:?]
	at net.minecraft.world.level.saveddata.SavedData.m_77757_(SavedData.java:40) ~[server-1.20.1-20230612.114412-srg.jar%23399!/:?]
	at net.minecraft.world.level.storage.DimensionDataStorage.m_164865_(DimensionDataStorage.java:128) ~[server-1.20.1-20230612.114412-srg.jar%23399!/:?]
	at java.util.HashMap.forEach(HashMap.java:1421) ~[?:?]
	at net.minecraft.world.level.storage.DimensionDataStorage.m_78151_(DimensionDataStorage.java:126) ~[server-1.20.1-20230612.114412-srg.jar%23399!/:?]
	at net.minecraft.server.level.ServerLevel.m_8806_(ServerLevel.java:758) ~[server-1.20.1-20230612.114412-srg.jar%23399!/:?]
	at net.minecraft.server.level.ServerLevel.m_8643_(ServerLevel.java:737) ~[server-1.20.1-20230612.114412-srg.jar%23399!/:?]
	at net.minecraft.server.MinecraftServer.m_129885_(MinecraftServer.java:507) ~[server-1.20.1-20230612.114412-srg.jar%23399!/:?]
	at net.minecraft.server.MinecraftServer.m_195514_(MinecraftServer.java:532) ~[server-1.20.1-20230612.114412-srg.jar%23399!/:?]
	at net.minecraft.server.MinecraftServer.m_5705_(MinecraftServer.java:824) ~[server-1.20.1-20230612.114412-srg.jar%23399!/:?]
	at net.minecraft.server.MinecraftServer.m_130011_(MinecraftServer.java:661) ~[server-1.20.1-20230612.114412-srg.jar%23399!/:?]
	at net.minecraft.server.MinecraftServer.m_206580_(MinecraftServer.java:251) ~[server-1.20.1-20230612.114412-srg.jar%23399!/:?]
	at java.lang.Thread.run(Thread.java:840) ~[?:?]
[23Jul2025 00:00:50.618] [Server thread/ERROR] [net.minecraft.world.level.saveddata.SavedData/]: Could not save data net.minecraftforge.common.util.LevelCapabilityData@6ddbf2e0
java.io.FileNotFoundException: ./world/DIM1/data/capabilities.dat (No such file or directory)
	at java.io.FileOutputStream.open0(Native Method) ~[?:?]
	at java.io.FileOutputStream.open(FileOutputStream.java:293) ~[?:?]
	at java.io.FileOutputStream.<init>(FileOutputStream.java:235) ~[?:?]
	at java.io.FileOutputStream.<init>(FileOutputStream.java:184) ~[?:?]
	at net.minecraft.nbt.NbtIo.m_128944_(NbtIo.java:54) ~[server-1.20.1-20230612.114412-srg.jar%23399!/:?]
	at net.minecraft.world.level.saveddata.SavedData.m_77757_(SavedData.java:40) ~[server-1.20.1-20230612.114412-srg.jar%23399!/:?]
	at net.minecraft.world.level.storage.DimensionDataStorage.m_164865_(DimensionDataStorage.java:128) ~[server-1.20.1-20230612.114412-srg.jar%23399!/:?]
	at java.util.HashMap.forEach(HashMap.java:1421) ~[?:?]
	at net.minecraft.world.level.storage.DimensionDataStorage.m_78151_(DimensionDataStorage.java:126) ~[server-1.20.1-20230612.114412-srg.jar%23399!/:?]
	at net.minecraft.server.level.ServerLevel.m_8806_(ServerLevel.java:758) ~[server-1.20.1-20230612.114412-srg.jar%23399!/:?]
	at net.minecraft.server.level.ServerLevel.m_8643_(ServerLevel.java:737) ~[server-1.20.1-20230612.114412-srg.jar%23399!/:?]
	at net.minecraft.server.MinecraftServer.m_129885_(MinecraftServer.java:507) ~[server-1.20.1-20230612.114412-srg.jar%23399!/:?]
	at net.minecraft.server.MinecraftServer.m_195514_(MinecraftServer.java:532) ~[server-1.20.1-20230612.114412-srg.jar%23399!/:?]
	at net.minecraft.server.MinecraftServer.m_5705_(MinecraftServer.java:824) ~[server-1.20.1-20230612.114412-srg.jar%23399!/:?]
	at net.minecraft.server.MinecraftServer.m_130011_(MinecraftServer.java:661) ~[server-1.20.1-20230612.114412-srg.jar%23399!/:?]
	at net.minecraft.server.MinecraftServer.m_206580_(MinecraftServer.java:251) ~[server-1.20.1-20230612.114412-srg.jar%23399!/:?]
	at java.lang.Thread.run(Thread.java:840) ~[?:?]
[23Jul2025 00:05:50.604] [Server thread/ERROR] [net.minecraft.world.level.saveddata.SavedData/]: Could not save data net.minecraftforge.common.util.LevelCapabilityData@3ef87908
java.io.FileNotFoundException: ./world/data/capabilities.dat (No such file or directory)
	at java.io.FileOutputStream.open0(Native Method) ~[?:?]
	at java.io.FileOutputStream.open(FileOutputStream.java:293) ~[?:?]
	at java.io.FileOutputStream.<init>(FileOutputStream.java:235) ~[?:?]
	at java.io.FileOutputStream.<init>(FileOutputStream.java:184) ~[?:?]
	at net.minecraft.nbt.NbtIo.m_128944_(NbtIo.java:54) ~[server-1.20.1-20230612.114412-srg.jar%23399!/:?]
	at net.minecraft.world.level.saveddata.SavedData.m_77757_(SavedData.java:40) ~[server-1.20.1-20230612.114412-srg.jar%23399!/:?]
	at net.minecraft.world.level.storage.DimensionDataStorage.m_164865_(DimensionDataStorage.java:128) ~[server-1.20.1-20230612.114412-srg.jar%23399!/:?]
	at java.util.HashMap.forEach(HashMap.java:1421) ~[?:?]
	at net.minecraft.world.level.storage.DimensionDataStorage.m_78151_(DimensionDataStorage.java:126) ~[server-1.20.1-20230612.114412-srg.jar%23399!/:?]
	at net.minecraft.server.level.ServerLevel.m_8806_(ServerLevel.java:758) ~[server-1.20.1-20230612.114412-srg.jar%23399!/:?]
	at net.minecraft.server.level.ServerLevel.m_8643_(ServerLevel.java:737) ~[server-1.20.1-20230612.114412-srg.jar%23399!/:?]
	at net.minecraft.server.MinecraftServer.m_129885_(MinecraftServer.java:507) ~[server-1.20.1-20230612.114412-srg.jar%23399!/:?]
	at net.minecraft.server.MinecraftServer.m_195514_(MinecraftServer.java:532) ~[server-1.20.1-20230612.114412-srg.jar%23399!/:?]
	at net.minecraft.server.MinecraftServer.m_5705_(MinecraftServer.java:824) ~[server-1.20.1-20230612.114412-srg.jar%23399!/:?]
	at net.minecraft.server.MinecraftServer.m_130011_(MinecraftServer.java:661) ~[server-1.20.1-20230612.114412-srg.jar%23399!/:?]
	at net.minecraft.server.MinecraftServer.m_206580_(MinecraftServer.java:251) ~[server-1.20.1-20230612.114412-srg.jar%23399!/:?]
	at java.lang.Thread.run(Thread.java:840) ~[?:?]
[23Jul2025 00:05:50.605] [Server thread/ERROR] [net.minecraft.world.level.saveddata.SavedData/]: Could not save data net.mcreator.mekanismexplosives.network.MekanismexplosivesModVariables$MapVariables@b83383b
java.io.FileNotFoundException: ./world/data/mekanismexplosives_mapvars.dat (No such file or directory)
	at java.io.FileOutputStream.open0(Native Method) ~[?:?]
	at java.io.FileOutputStream.open(FileOutputStream.java:293) ~[?:?]
	at java.io.FileOutputStream.<init>(FileOutputStream.java:235) ~[?:?]
	at java.io.FileOutputStream.<init>(FileOutputStream.java:184) ~[?:?]
	at net.minecraft.nbt.NbtIo.m_128944_(NbtIo.java:54) ~[server-1.20.1-20230612.114412-srg.jar%23399!/:?]
	at net.minecraft.world.level.saveddata.SavedData.m_77757_(SavedData.java:40) ~[server-1.20.1-20230612.114412-srg.jar%23399!/:?]
	at net.minecraft.world.level.storage.DimensionDataStorage.m_164865_(DimensionDataStorage.java:128) ~[server-1.20.1-20230612.114412-srg.jar%23399!/:?]
	at java.util.HashMap.forEach(HashMap.java:1421) ~[?:?]
	at net.minecraft.world.level.storage.DimensionDataStorage.m_78151_(DimensionDataStorage.java:126) ~[server-1.20.1-20230612.114412-srg.jar%23399!/:?]
	at net.minecraft.server.level.ServerLevel.m_8806_(ServerLevel.java:758) ~[server-1.20.1-20230612.114412-srg.jar%23399!/:?]
	at net.minecraft.server.level.ServerLevel.m_8643_(ServerLevel.java:737) ~[server-1.20.1-20230612.114412-srg.jar%23399!/:?]
	at net.minecraft.server.MinecraftServer.m_129885_(MinecraftServer.java:507) ~[server-1.20.1-20230612.114412-srg.jar%23399!/:?]
	at net.minecraft.server.MinecraftServer.m_195514_(MinecraftServer.java:532) ~[server-1.20.1-20230612.114412-srg.jar%23399!/:?]
	at net.minecraft.server.MinecraftServer.m_5705_(MinecraftServer.java:824) ~[server-1.20.1-20230612.114412-srg.jar%23399!/:?]
	at net.minecraft.server.MinecraftServer.m_130011_(MinecraftServer.java:661) ~[server-1.20.1-20230612.114412-srg.jar%23399!/:?]
	at net.minecraft.server.MinecraftServer.m_206580_(MinecraftServer.java:251) ~[server-1.20.1-20230612.114412-srg.jar%23399!/:?]
	at java.lang.Thread.run(Thread.java:840) ~[?:?]
[23Jul2025 00:05:50.612] [Server thread/ERROR] [net.minecraft.world.level.saveddata.SavedData/]: Could not save data net.minecraftforge.common.util.LevelCapabilityData@2c646b3
java.io.FileNotFoundException: ./world/dimensions/lostcities/lostcity/data/capabilities.dat (No such file or directory)
	at java.io.FileOutputStream.open0(Native Method) ~[?:?]
	at java.io.FileOutputStream.open(FileOutputStream.java:293) ~[?:?]
	at java.io.FileOutputStream.<init>(FileOutputStream.java:235) ~[?:?]
	at java.io.FileOutputStream.<init>(FileOutputStream.java:184) ~[?:?]
	at net.minecraft.nbt.NbtIo.m_128944_(NbtIo.java:54) ~[server-1.20.1-20230612.114412-srg.jar%23399!/:?]
	at net.minecraft.world.level.saveddata.SavedData.m_77757_(SavedData.java:40) ~[server-1.20.1-20230612.114412-srg.jar%23399!/:?]
	at net.minecraft.world.level.storage.DimensionDataStorage.m_164865_(DimensionDataStorage.java:128) ~[server-1.20.1-20230612.114412-srg.jar%23399!/:?]
	at java.util.HashMap.forEach(HashMap.java:1421) ~[?:?]
	at net.minecraft.world.level.storage.DimensionDataStorage.m_78151_(DimensionDataStorage.java:126) ~[server-1.20.1-20230612.114412-srg.jar%23399!/:?]
	at net.minecraft.server.level.ServerLevel.m_8806_(ServerLevel.java:758) ~[server-1.20.1-20230612.114412-srg.jar%23399!/:?]
	at net.minecraft.server.level.ServerLevel.m_8643_(ServerLevel.java:737) ~[server-1.20.1-20230612.114412-srg.jar%23399!/:?]
	at net.minecraft.server.MinecraftServer.m_129885_(MinecraftServer.java:507) ~[server-1.20.1-20230612.114412-srg.jar%23399!/:?]
	at net.minecraft.server.MinecraftServer.m_195514_(MinecraftServer.java:532) ~[server-1.20.1-20230612.114412-srg.jar%23399!/:?]
	at net.minecraft.server.MinecraftServer.m_5705_(MinecraftServer.java:824) ~[server-1.20.1-20230612.114412-srg.jar%23399!/:?]
	at net.minecraft.server.MinecraftServer.m_130011_(MinecraftServer.java:661) ~[server-1.20.1-20230612.114412-srg.jar%23399!/:?]
	at net.minecraft.server.MinecraftServer.m_206580_(MinecraftServer.java:251) ~[server-1.20.1-20230612.114412-srg.jar%23399!/:?]
	at java.lang.Thread.run(Thread.java:840) ~[?:?]
[23Jul2025 00:05:50.613] [Server thread/ERROR] [net.minecraft.world.level.saveddata.SavedData/]: Could not save data net.minecraftforge.common.util.LevelCapabilityData@7f0b4fda
java.io.FileNotFoundException: ./world/DIM-1/data/capabilities.dat (No such file or directory)
	at java.io.FileOutputStream.open0(Native Method) ~[?:?]
	at java.io.FileOutputStream.open(FileOutputStream.java:293) ~[?:?]
	at java.io.FileOutputStream.<init>(FileOutputStream.java:235) ~[?:?]
	at java.io.FileOutputStream.<init>(FileOutputStream.java:184) ~[?:?]
	at net.minecraft.nbt.NbtIo.m_128944_(NbtIo.java:54) ~[server-1.20.1-20230612.114412-srg.jar%23399!/:?]
	at net.minecraft.world.level.saveddata.SavedData.m_77757_(SavedData.java:40) ~[server-1.20.1-20230612.114412-srg.jar%23399!/:?]
	at net.minecraft.world.level.storage.DimensionDataStorage.m_164865_(DimensionDataStorage.java:128) ~[server-1.20.1-20230612.114412-srg.jar%23399!/:?]
	at java.util.HashMap.forEach(HashMap.java:1421) ~[?:?]
	at net.minecraft.world.level.storage.DimensionDataStorage.m_78151_(DimensionDataStorage.java:126) ~[server-1.20.1-20230612.114412-srg.jar%23399!/:?]
	at net.minecraft.server.level.ServerLevel.m_8806_(ServerLevel.java:758) ~[server-1.20.1-20230612.114412-srg.jar%23399!/:?]
	at net.minecraft.server.level.ServerLevel.m_8643_(ServerLevel.java:737) ~[server-1.20.1-20230612.114412-srg.jar%23399!/:?]
	at net.minecraft.server.MinecraftServer.m_129885_(MinecraftServer.java:507) ~[server-1.20.1-20230612.114412-srg.jar%23399!/:?]
	at net.minecraft.server.MinecraftServer.m_195514_(MinecraftServer.java:532) ~[server-1.20.1-20230612.114412-srg.jar%23399!/:?]
	at net.minecraft.server.MinecraftServer.m_5705_(MinecraftServer.java:824) ~[server-1.20.1-20230612.114412-srg.jar%23399!/:?]
	at net.minecraft.server.MinecraftServer.m_130011_(MinecraftServer.java:661) ~[server-1.20.1-20230612.114412-srg.jar%23399!/:?]
	at net.minecraft.server.MinecraftServer.m_206580_(MinecraftServer.java:251) ~[server-1.20.1-20230612.114412-srg.jar%23399!/:?]
	at java.lang.Thread.run(Thread.java:840) ~[?:?]
[23Jul2025 00:05:50.614] [Server thread/ERROR] [net.minecraft.world.level.saveddata.SavedData/]: Could not save data net.minecraftforge.common.util.LevelCapabilityData@6ddbf2e0
java.io.FileNotFoundException: ./world/DIM1/data/capabilities.dat (No such file or directory)
	at java.io.FileOutputStream.open0(Native Method) ~[?:?]
	at java.io.FileOutputStream.open(FileOutputStream.java:293) ~[?:?]
	at java.io.FileOutputStream.<init>(FileOutputStream.java:235) ~[?:?]
	at java.io.FileOutputStream.<init>(FileOutputStream.java:184) ~[?:?]
	at net.minecraft.nbt.NbtIo.m_128944_(NbtIo.java:54) ~[server-1.20.1-20230612.114412-srg.jar%23399!/:?]
	at net.minecraft.world.level.saveddata.SavedData.m_77757_(SavedData.java:40) ~[server-1.20.1-20230612.114412-srg.jar%23399!/:?]
	at net.minecraft.world.level.storage.DimensionDataStorage.m_164865_(DimensionDataStorage.java:128) ~[server-1.20.1-20230612.114412-srg.jar%23399!/:?]
	at java.util.HashMap.forEach(HashMap.java:1421) ~[?:?]
	at net.minecraft.world.level.storage.DimensionDataStorage.m_78151_(DimensionDataStorage.java:126) ~[server-1.20.1-20230612.114412-srg.jar%23399!/:?]
	at net.minecraft.server.level.ServerLevel.m_8806_(ServerLevel.java:758) ~[server-1.20.1-20230612.114412-srg.jar%23399!/:?]
	at net.minecraft.server.level.ServerLevel.m_8643_(ServerLevel.java:737) ~[server-1.20.1-20230612.114412-srg.jar%23399!/:?]
	at net.minecraft.server.MinecraftServer.m_129885_(MinecraftServer.java:507) ~[server-1.20.1-20230612.114412-srg.jar%23399!/:?]
	at net.minecraft.server.MinecraftServer.m_195514_(MinecraftServer.java:532) ~[server-1.20.1-20230612.114412-srg.jar%23399!/:?]
	at net.minecraft.server.MinecraftServer.m_5705_(MinecraftServer.java:824) ~[server-1.20.1-20230612.114412-srg.jar%23399!/:?]
	at net.minecraft.server.MinecraftServer.m_130011_(MinecraftServer.java:661) ~[server-1.20.1-20230612.114412-srg.jar%23399!/:?]
	at net.minecraft.server.MinecraftServer.m_206580_(MinecraftServer.java:251) ~[server-1.20.1-20230612.114412-srg.jar%23399!/:?]
	at java.lang.Thread.run(Thread.java:840) ~[?:?]
[23Jul2025 00:10:50.604] [Server thread/ERROR] [net.minecraft.world.level.saveddata.SavedData/]: Could not save data net.minecraftforge.common.util.LevelCapabilityData@3ef87908
java.io.FileNotFoundException: ./world/data/capabilities.dat (No such file or directory)
	at java.io.FileOutputStream.open0(Native Method) ~[?:?]
	at java.io.FileOutputStream.open(FileOutputStream.java:293) ~[?:?]
	at java.io.FileOutputStream.<init>(FileOutputStream.java:235) ~[?:?]
	at java.io.FileOutputStream.<init>(FileOutputStream.java:184) ~[?:?]
	at net.minecraft.nbt.NbtIo.m_128944_(NbtIo.java:54) ~[server-1.20.1-20230612.114412-srg.jar%23399!/:?]
	at net.minecraft.world.level.saveddata.SavedData.m_77757_(SavedData.java:40) ~[server-1.20.1-20230612.114412-srg.jar%23399!/:?]
	at net.minecraft.world.level.storage.DimensionDataStorage.m_164865_(DimensionDataStorage.java:128) ~[server-1.20.1-20230612.114412-srg.jar%23399!/:?]
	at java.util.HashMap.forEach(HashMap.java:1421) ~[?:?]
	at net.minecraft.world.level.storage.DimensionDataStorage.m_78151_(DimensionDataStorage.java:126) ~[server-1.20.1-20230612.114412-srg.jar%23399!/:?]
	at net.minecraft.server.level.ServerLevel.m_8806_(ServerLevel.java:758) ~[server-1.20.1-20230612.114412-srg.jar%23399!/:?]
	at net.minecraft.server.level.ServerLevel.m_8643_(ServerLevel.java:737) ~[server-1.20.1-20230612.114412-srg.jar%23399!/:?]
	at net.minecraft.server.MinecraftServer.m_129885_(MinecraftServer.java:507) ~[server-1.20.1-20230612.114412-srg.jar%23399!/:?]
	at net.minecraft.server.MinecraftServer.m_195514_(MinecraftServer.java:532) ~[server-1.20.1-20230612.114412-srg.jar%23399!/:?]
	at net.minecraft.server.MinecraftServer.m_5705_(MinecraftServer.java:824) ~[server-1.20.1-20230612.114412-srg.jar%23399!/:?]
	at net.minecraft.server.MinecraftServer.m_130011_(MinecraftServer.java:661) ~[server-1.20.1-20230612.114412-srg.jar%23399!/:?]
	at net.minecraft.server.MinecraftServer.m_206580_(MinecraftServer.java:251) ~[server-1.20.1-20230612.114412-srg.jar%23399!/:?]
	at java.lang.Thread.run(Thread.java:840) ~[?:?]
[23Jul2025 00:10:50.605] [Server thread/ERROR] [net.minecraft.world.level.saveddata.SavedData/]: Could not save data net.mcreator.mekanismexplosives.network.MekanismexplosivesModVariables$MapVariables@b83383b
java.io.FileNotFoundException: ./world/data/mekanismexplosives_mapvars.dat (No such file or directory)
	at java.io.FileOutputStream.open0(Native Method) ~[?:?]
	at java.io.FileOutputStream.open(FileOutputStream.java:293) ~[?:?]
	at java.io.FileOutputStream.<init>(FileOutputStream.java:235) ~[?:?]
	at java.io.FileOutputStream.<init>(FileOutputStream.java:184) ~[?:?]
	at net.minecraft.nbt.NbtIo.m_128944_(NbtIo.java:54) ~[server-1.20.1-20230612.114412-srg.jar%23399!/:?]
	at net.minecraft.world.level.saveddata.SavedData.m_77757_(SavedData.java:40) ~[server-1.20.1-20230612.114412-srg.jar%23399!/:?]
	at net.minecraft.world.level.storage.DimensionDataStorage.m_164865_(DimensionDataStorage.java:128) ~[server-1.20.1-20230612.114412-srg.jar%23399!/:?]
	at java.util.HashMap.forEach(HashMap.java:1421) ~[?:?]
	at net.minecraft.world.level.storage.DimensionDataStorage.m_78151_(DimensionDataStorage.java:126) ~[server-1.20.1-20230612.114412-srg.jar%23399!/:?]
	at net.minecraft.server.level.ServerLevel.m_8806_(ServerLevel.java:758) ~[server-1.20.1-20230612.114412-srg.jar%23399!/:?]
	at net.minecraft.server.level.ServerLevel.m_8643_(ServerLevel.java:737) ~[server-1.20.1-20230612.114412-srg.jar%23399!/:?]
	at net.minecraft.server.MinecraftServer.m_129885_(MinecraftServer.java:507) ~[server-1.20.1-20230612.114412-srg.jar%23399!/:?]
	at net.minecraft.server.MinecraftServer.m_195514_(MinecraftServer.java:532) ~[server-1.20.1-20230612.114412-srg.jar%23399!/:?]
	at net.minecraft.server.MinecraftServer.m_5705_(MinecraftServer.java:824) ~[server-1.20.1-20230612.114412-srg.jar%23399!/:?]
	at net.minecraft.server.MinecraftServer.m_130011_(MinecraftServer.java:661) ~[server-1.20.1-20230612.114412-srg.jar%23399!/:?]
	at net.minecraft.server.MinecraftServer.m_206580_(MinecraftServer.java:251) ~[server-1.20.1-20230612.114412-srg.jar%23399!/:?]
	at java.lang.Thread.run(Thread.java:840) ~[?:?]
[23Jul2025 00:10:50.612] [Server thread/ERROR] [net.minecraft.world.level.saveddata.SavedData/]: Could not save data net.minecraftforge.common.util.LevelCapabilityData@2c646b3
java.io.FileNotFoundException: ./world/dimensions/lostcities/lostcity/data/capabilities.dat (No such file or directory)
	at java.io.FileOutputStream.open0(Native Method) ~[?:?]
	at java.io.FileOutputStream.open(FileOutputStream.java:293) ~[?:?]
	at java.io.FileOutputStream.<init>(FileOutputStream.java:235) ~[?:?]
	at java.io.FileOutputStream.<init>(FileOutputStream.java:184) ~[?:?]
	at net.minecraft.nbt.NbtIo.m_128944_(NbtIo.java:54) ~[server-1.20.1-20230612.114412-srg.jar%23399!/:?]
	at net.minecraft.world.level.saveddata.SavedData.m_77757_(SavedData.java:40) ~[server-1.20.1-20230612.114412-srg.jar%23399!/:?]
	at net.minecraft.world.level.storage.DimensionDataStorage.m_164865_(DimensionDataStorage.java:128) ~[server-1.20.1-20230612.114412-srg.jar%23399!/:?]
	at java.util.HashMap.forEach(HashMap.java:1421) ~[?:?]
	at net.minecraft.world.level.storage.DimensionDataStorage.m_78151_(DimensionDataStorage.java:126) ~[server-1.20.1-20230612.114412-srg.jar%23399!/:?]
	at net.minecraft.server.level.ServerLevel.m_8806_(ServerLevel.java:758) ~[server-1.20.1-20230612.114412-srg.jar%23399!/:?]
	at net.minecraft.server.level.ServerLevel.m_8643_(ServerLevel.java:737) ~[server-1.20.1-20230612.114412-srg.jar%23399!/:?]
	at net.minecraft.server.MinecraftServer.m_129885_(MinecraftServer.java:507) ~[server-1.20.1-20230612.114412-srg.jar%23399!/:?]
	at net.minecraft.server.MinecraftServer.m_195514_(MinecraftServer.java:532) ~[server-1.20.1-20230612.114412-srg.jar%23399!/:?]
	at net.minecraft.server.MinecraftServer.m_5705_(MinecraftServer.java:824) ~[server-1.20.1-20230612.114412-srg.jar%23399!/:?]
	at net.minecraft.server.MinecraftServer.m_130011_(MinecraftServer.java:661) ~[server-1.20.1-20230612.114412-srg.jar%23399!/:?]
	at net.minecraft.server.MinecraftServer.m_206580_(MinecraftServer.java:251) ~[server-1.20.1-20230612.114412-srg.jar%23399!/:?]
	at java.lang.Thread.run(Thread.java:840) ~[?:?]
[23Jul2025 00:10:50.612] [Server thread/ERROR] [net.minecraft.world.level.saveddata.SavedData/]: Could not save data net.minecraftforge.common.util.LevelCapabilityData@7f0b4fda
java.io.FileNotFoundException: ./world/DIM-1/data/capabilities.dat (No such file or directory)
	at java.io.FileOutputStream.open0(Native Method) ~[?:?]
	at java.io.FileOutputStream.open(FileOutputStream.java:293) ~[?:?]
	at java.io.FileOutputStream.<init>(FileOutputStream.java:235) ~[?:?]
	at java.io.FileOutputStream.<init>(FileOutputStream.java:184) ~[?:?]
	at net.minecraft.nbt.NbtIo.m_128944_(NbtIo.java:54) ~[server-1.20.1-20230612.114412-srg.jar%23399!/:?]
	at net.minecraft.world.level.saveddata.SavedData.m_77757_(SavedData.java:40) ~[server-1.20.1-20230612.114412-srg.jar%23399!/:?]
	at net.minecraft.world.level.storage.DimensionDataStorage.m_164865_(DimensionDataStorage.java:128) ~[server-1.20.1-20230612.114412-srg.jar%23399!/:?]
	at java.util.HashMap.forEach(HashMap.java:1421) ~[?:?]
	at net.minecraft.world.level.storage.DimensionDataStorage.m_78151_(DimensionDataStorage.java:126) ~[server-1.20.1-20230612.114412-srg.jar%23399!/:?]
	at net.minecraft.server.level.ServerLevel.m_8806_(ServerLevel.java:758) ~[server-1.20.1-20230612.114412-srg.jar%23399!/:?]
	at net.minecraft.server.level.ServerLevel.m_8643_(ServerLevel.java:737) ~[server-1.20.1-20230612.114412-srg.jar%23399!/:?]
	at net.minecraft.server.MinecraftServer.m_129885_(MinecraftServer.java:507) ~[server-1.20.1-20230612.114412-srg.jar%23399!/:?]
	at net.minecraft.server.MinecraftServer.m_195514_(MinecraftServer.java:532) ~[server-1.20.1-20230612.114412-srg.jar%23399!/:?]
	at net.minecraft.server.MinecraftServer.m_5705_(MinecraftServer.java:824) ~[server-1.20.1-20230612.114412-srg.jar%23399!/:?]
	at net.minecraft.server.MinecraftServer.m_130011_(MinecraftServer.java:661) ~[server-1.20.1-20230612.114412-srg.jar%23399!/:?]
	at net.minecraft.server.MinecraftServer.m_206580_(MinecraftServer.java:251) ~[server-1.20.1-20230612.114412-srg.jar%23399!/:?]
	at java.lang.Thread.run(Thread.java:840) ~[?:?]
[23Jul2025 00:10:50.613] [Server thread/ERROR] [net.minecraft.world.level.saveddata.SavedData/]: Could not save data net.minecraftforge.common.util.LevelCapabilityData@6ddbf2e0
java.io.FileNotFoundException: ./world/DIM1/data/capabilities.dat (No such file or directory)
	at java.io.FileOutputStream.open0(Native Method) ~[?:?]
	at java.io.FileOutputStream.open(FileOutputStream.java:293) ~[?:?]
	at java.io.FileOutputStream.<init>(FileOutputStream.java:235) ~[?:?]
	at java.io.FileOutputStream.<init>(FileOutputStream.java:184) ~[?:?]
	at net.minecraft.nbt.NbtIo.m_128944_(NbtIo.java:54) ~[server-1.20.1-20230612.114412-srg.jar%23399!/:?]
	at net.minecraft.world.level.saveddata.SavedData.m_77757_(SavedData.java:40) ~[server-1.20.1-20230612.114412-srg.jar%23399!/:?]
	at net.minecraft.world.level.storage.DimensionDataStorage.m_164865_(DimensionDataStorage.java:128) ~[server-1.20.1-20230612.114412-srg.jar%23399!/:?]
	at java.util.HashMap.forEach(HashMap.java:1421) ~[?:?]
	at net.minecraft.world.level.storage.DimensionDataStorage.m_78151_(DimensionDataStorage.java:126) ~[server-1.20.1-20230612.114412-srg.jar%23399!/:?]
	at net.minecraft.server.level.ServerLevel.m_8806_(ServerLevel.java:758) ~[server-1.20.1-20230612.114412-srg.jar%23399!/:?]
	at net.minecraft.server.level.ServerLevel.m_8643_(ServerLevel.java:737) ~[server-1.20.1-20230612.114412-srg.jar%23399!/:?]
	at net.minecraft.server.MinecraftServer.m_129885_(MinecraftServer.java:507) ~[server-1.20.1-20230612.114412-srg.jar%23399!/:?]
	at net.minecraft.server.MinecraftServer.m_195514_(MinecraftServer.java:532) ~[server-1.20.1-20230612.114412-srg.jar%23399!/:?]
	at net.minecraft.server.MinecraftServer.m_5705_(MinecraftServer.java:824) ~[server-1.20.1-20230612.114412-srg.jar%23399!/:?]
	at net.minecraft.server.MinecraftServer.m_130011_(MinecraftServer.java:661) ~[server-1.20.1-20230612.114412-srg.jar%23399!/:?]
	at net.minecraft.server.MinecraftServer.m_206580_(MinecraftServer.java:251) ~[server-1.20.1-20230612.114412-srg.jar%23399!/:?]
	at java.lang.Thread.run(Thread.java:840) ~[?:?]
[23Jul2025 00:15:50.604] [Server thread/ERROR] [net.minecraft.world.level.saveddata.SavedData/]: Could not save data net.minecraftforge.common.util.LevelCapabilityData@3ef87908
java.io.FileNotFoundException: ./world/data/capabilities.dat (No such file or directory)
	at java.io.FileOutputStream.open0(Native Method) ~[?:?]
	at java.io.FileOutputStream.open(FileOutputStream.java:293) ~[?:?]
	at java.io.FileOutputStream.<init>(FileOutputStream.java:235) ~[?:?]
	at java.io.FileOutputStream.<init>(FileOutputStream.java:184) ~[?:?]
	at net.minecraft.nbt.NbtIo.m_128944_(NbtIo.java:54) ~[server-1.20.1-20230612.114412-srg.jar%23399!/:?]
	at net.minecraft.world.level.saveddata.SavedData.m_77757_(SavedData.java:40) ~[server-1.20.1-20230612.114412-srg.jar%23399!/:?]
	at net.minecraft.world.level.storage.DimensionDataStorage.m_164865_(DimensionDataStorage.java:128) ~[server-1.20.1-20230612.114412-srg.jar%23399!/:?]
	at java.util.HashMap.forEach(HashMap.java:1421) ~[?:?]
	at net.minecraft.world.level.storage.DimensionDataStorage.m_78151_(DimensionDataStorage.java:126) ~[server-1.20.1-20230612.114412-srg.jar%23399!/:?]
	at net.minecraft.server.level.ServerLevel.m_8806_(ServerLevel.java:758) ~[server-1.20.1-20230612.114412-srg.jar%23399!/:?]
	at net.minecraft.server.level.ServerLevel.m_8643_(ServerLevel.java:737) ~[server-1.20.1-20230612.114412-srg.jar%23399!/:?]
	at net.minecraft.server.MinecraftServer.m_129885_(MinecraftServer.java:507) ~[server-1.20.1-20230612.114412-srg.jar%23399!/:?]
	at net.minecraft.server.MinecraftServer.m_195514_(MinecraftServer.java:532) ~[server-1.20.1-20230612.114412-srg.jar%23399!/:?]
	at net.minecraft.server.MinecraftServer.m_5705_(MinecraftServer.java:824) ~[server-1.20.1-20230612.114412-srg.jar%23399!/:?]
	at net.minecraft.server.MinecraftServer.m_130011_(MinecraftServer.java:661) ~[server-1.20.1-20230612.114412-srg.jar%23399!/:?]
	at net.minecraft.server.MinecraftServer.m_206580_(MinecraftServer.java:251) ~[server-1.20.1-20230612.114412-srg.jar%23399!/:?]
	at java.lang.Thread.run(Thread.java:840) ~[?:?]
[23Jul2025 00:15:50.605] [Server thread/ERROR] [net.minecraft.world.level.saveddata.SavedData/]: Could not save data net.mcreator.mekanismexplosives.network.MekanismexplosivesModVariables$MapVariables@b83383b
java.io.FileNotFoundException: ./world/data/mekanismexplosives_mapvars.dat (No such file or directory)
	at java.io.FileOutputStream.open0(Native Method) ~[?:?]
	at java.io.FileOutputStream.open(FileOutputStream.java:293) ~[?:?]
	at java.io.FileOutputStream.<init>(FileOutputStream.java:235) ~[?:?]
	at java.io.FileOutputStream.<init>(FileOutputStream.java:184) ~[?:?]
	at net.minecraft.nbt.NbtIo.m_128944_(NbtIo.java:54) ~[server-1.20.1-20230612.114412-srg.jar%23399!/:?]
	at net.minecraft.world.level.saveddata.SavedData.m_77757_(SavedData.java:40) ~[server-1.20.1-20230612.114412-srg.jar%23399!/:?]
	at net.minecraft.world.level.storage.DimensionDataStorage.m_164865_(DimensionDataStorage.java:128) ~[server-1.20.1-20230612.114412-srg.jar%23399!/:?]
	at java.util.HashMap.forEach(HashMap.java:1421) ~[?:?]
	at net.minecraft.world.level.storage.DimensionDataStorage.m_78151_(DimensionDataStorage.java:126) ~[server-1.20.1-20230612.114412-srg.jar%23399!/:?]
	at net.minecraft.server.level.ServerLevel.m_8806_(ServerLevel.java:758) ~[server-1.20.1-20230612.114412-srg.jar%23399!/:?]
	at net.minecraft.server.level.ServerLevel.m_8643_(ServerLevel.java:737) ~[server-1.20.1-20230612.114412-srg.jar%23399!/:?]
	at net.minecraft.server.MinecraftServer.m_129885_(MinecraftServer.java:507) ~[server-1.20.1-20230612.114412-srg.jar%23399!/:?]
	at net.minecraft.server.MinecraftServer.m_195514_(MinecraftServer.java:532) ~[server-1.20.1-20230612.114412-srg.jar%23399!/:?]
	at net.minecraft.server.MinecraftServer.m_5705_(MinecraftServer.java:824) ~[server-1.20.1-20230612.114412-srg.jar%23399!/:?]
	at net.minecraft.server.MinecraftServer.m_130011_(MinecraftServer.java:661) ~[server-1.20.1-20230612.114412-srg.jar%23399!/:?]
	at net.minecraft.server.MinecraftServer.m_206580_(MinecraftServer.java:251) ~[server-1.20.1-20230612.114412-srg.jar%23399!/:?]
	at java.lang.Thread.run(Thread.java:840) ~[?:?]
[23Jul2025 00:15:50.612] [Server thread/ERROR] [net.minecraft.world.level.saveddata.SavedData/]: Could not save data net.minecraftforge.common.util.LevelCapabilityData@2c646b3
java.io.FileNotFoundException: ./world/dimensions/lostcities/lostcity/data/capabilities.dat (No such file or directory)
	at java.io.FileOutputStream.open0(Native Method) ~[?:?]
	at java.io.FileOutputStream.open(FileOutputStream.java:293) ~[?:?]
	at java.io.FileOutputStream.<init>(FileOutputStream.java:235) ~[?:?]
	at java.io.FileOutputStream.<init>(FileOutputStream.java:184) ~[?:?]
	at net.minecraft.nbt.NbtIo.m_128944_(NbtIo.java:54) ~[server-1.20.1-20230612.114412-srg.jar%23399!/:?]
	at net.minecraft.world.level.saveddata.SavedData.m_77757_(SavedData.java:40) ~[server-1.20.1-20230612.114412-srg.jar%23399!/:?]
	at net.minecraft.world.level.storage.DimensionDataStorage.m_164865_(DimensionDataStorage.java:128) ~[server-1.20.1-20230612.114412-srg.jar%23399!/:?]
	at java.util.HashMap.forEach(HashMap.java:1421) ~[?:?]
	at net.minecraft.world.level.storage.DimensionDataStorage.m_78151_(DimensionDataStorage.java:126) ~[server-1.20.1-20230612.114412-srg.jar%23399!/:?]
	at net.minecraft.server.level.ServerLevel.m_8806_(ServerLevel.java:758) ~[server-1.20.1-20230612.114412-srg.jar%23399!/:?]
	at net.minecraft.server.level.ServerLevel.m_8643_(ServerLevel.java:737) ~[server-1.20.1-20230612.114412-srg.jar%23399!/:?]
	at net.minecraft.server.MinecraftServer.m_129885_(MinecraftServer.java:507) ~[server-1.20.1-20230612.114412-srg.jar%23399!/:?]
	at net.minecraft.server.MinecraftServer.m_195514_(MinecraftServer.java:532) ~[server-1.20.1-20230612.114412-srg.jar%23399!/:?]
	at net.minecraft.server.MinecraftServer.m_5705_(MinecraftServer.java:824) ~[server-1.20.1-20230612.114412-srg.jar%23399!/:?]
	at net.minecraft.server.MinecraftServer.m_130011_(MinecraftServer.java:661) ~[server-1.20.1-20230612.114412-srg.jar%23399!/:?]
	at net.minecraft.server.MinecraftServer.m_206580_(MinecraftServer.java:251) ~[server-1.20.1-20230612.114412-srg.jar%23399!/:?]
	at java.lang.Thread.run(Thread.java:840) ~[?:?]
[23Jul2025 00:15:50.613] [Server thread/ERROR] [net.minecraft.world.level.saveddata.SavedData/]: Could not save data net.minecraftforge.common.util.LevelCapabilityData@7f0b4fda
java.io.FileNotFoundException: ./world/DIM-1/data/capabilities.dat (No such file or directory)
	at java.io.FileOutputStream.open0(Native Method) ~[?:?]
	at java.io.FileOutputStream.open(FileOutputStream.java:293) ~[?:?]
	at java.io.FileOutputStream.<init>(FileOutputStream.java:235) ~[?:?]
	at java.io.FileOutputStream.<init>(FileOutputStream.java:184) ~[?:?]
	at net.minecraft.nbt.NbtIo.m_128944_(NbtIo.java:54) ~[server-1.20.1-20230612.114412-srg.jar%23399!/:?]
	at net.minecraft.world.level.saveddata.SavedData.m_77757_(SavedData.java:40) ~[server-1.20.1-20230612.114412-srg.jar%23399!/:?]
	at net.minecraft.world.level.storage.DimensionDataStorage.m_164865_(DimensionDataStorage.java:128) ~[server-1.20.1-20230612.114412-srg.jar%23399!/:?]
	at java.util.HashMap.forEach(HashMap.java:1421) ~[?:?]
	at net.minecraft.world.level.storage.DimensionDataStorage.m_78151_(DimensionDataStorage.java:126) ~[server-1.20.1-20230612.114412-srg.jar%23399!/:?]
	at net.minecraft.server.level.ServerLevel.m_8806_(ServerLevel.java:758) ~[server-1.20.1-20230612.114412-srg.jar%23399!/:?]
	at net.minecraft.server.level.ServerLevel.m_8643_(ServerLevel.java:737) ~[server-1.20.1-20230612.114412-srg.jar%23399!/:?]
	at net.minecraft.server.MinecraftServer.m_129885_(MinecraftServer.java:507) ~[server-1.20.1-20230612.114412-srg.jar%23399!/:?]
	at net.minecraft.server.MinecraftServer.m_195514_(MinecraftServer.java:532) ~[server-1.20.1-20230612.114412-srg.jar%23399!/:?]
	at net.minecraft.server.MinecraftServer.m_5705_(MinecraftServer.java:824) ~[server-1.20.1-20230612.114412-srg.jar%23399!/:?]
	at net.minecraft.server.MinecraftServer.m_130011_(MinecraftServer.java:661) ~[server-1.20.1-20230612.114412-srg.jar%23399!/:?]
	at net.minecraft.server.MinecraftServer.m_206580_(MinecraftServer.java:251) ~[server-1.20.1-20230612.114412-srg.jar%23399!/:?]
	at java.lang.Thread.run(Thread.java:840) ~[?:?]
[23Jul2025 00:15:50.613] [Server thread/ERROR] [net.minecraft.world.level.saveddata.SavedData/]: Could not save data net.minecraftforge.common.util.LevelCapabilityData@6ddbf2e0
java.io.FileNotFoundException: ./world/DIM1/data/capabilities.dat (No such file or directory)
	at java.io.FileOutputStream.open0(Native Method) ~[?:?]
	at java.io.FileOutputStream.open(FileOutputStream.java:293) ~[?:?]
	at java.io.FileOutputStream.<init>(FileOutputStream.java:235) ~[?:?]
	at java.io.FileOutputStream.<init>(FileOutputStream.java:184) ~[?:?]
	at net.minecraft.nbt.NbtIo.m_128944_(NbtIo.java:54) ~[server-1.20.1-20230612.114412-srg.jar%23399!/:?]
	at net.minecraft.world.level.saveddata.SavedData.m_77757_(SavedData.java:40) ~[server-1.20.1-20230612.114412-srg.jar%23399!/:?]
	at net.minecraft.world.level.storage.DimensionDataStorage.m_164865_(DimensionDataStorage.java:128) ~[server-1.20.1-20230612.114412-srg.jar%23399!/:?]
	at java.util.HashMap.forEach(HashMap.java:1421) ~[?:?]
	at net.minecraft.world.level.storage.DimensionDataStorage.m_78151_(DimensionDataStorage.java:126) ~[server-1.20.1-20230612.114412-srg.jar%23399!/:?]
	at net.minecraft.server.level.ServerLevel.m_8806_(ServerLevel.java:758) ~[server-1.20.1-20230612.114412-srg.jar%23399!/:?]
	at net.minecraft.server.level.ServerLevel.m_8643_(ServerLevel.java:737) ~[server-1.20.1-20230612.114412-srg.jar%23399!/:?]
	at net.minecraft.server.MinecraftServer.m_129885_(MinecraftServer.java:507) ~[server-1.20.1-20230612.114412-srg.jar%23399!/:?]
	at net.minecraft.server.MinecraftServer.m_195514_(MinecraftServer.java:532) ~[server-1.20.1-20230612.114412-srg.jar%23399!/:?]
	at net.minecraft.server.MinecraftServer.m_5705_(MinecraftServer.java:824) ~[server-1.20.1-20230612.114412-srg.jar%23399!/:?]
	at net.minecraft.server.MinecraftServer.m_130011_(MinecraftServer.java:661) ~[server-1.20.1-20230612.114412-srg.jar%23399!/:?]
	at net.minecraft.server.MinecraftServer.m_206580_(MinecraftServer.java:251) ~[server-1.20.1-20230612.114412-srg.jar%23399!/:?]
	at java.lang.Thread.run(Thread.java:840) ~[?:?]
